<?xml version="1.0" encoding="UTF-8"?>
<testsuite xmlns:xsi="http://www.w3.org/2001/XMLSchema-instance" xsi:noNamespaceSchemaLocation="https://maven.apache.org/surefire/maven-surefire-plugin/xsd/surefire-test-report-3.0.xsd" version="3.0" name="com.ipn.mx.EscomCarrerasApplicationTests" time="10.952" tests="1" errors="0" skipped="0" failures="0">
  <properties>
[...]
</properties>
  <testcase name="contextLoads" classname="com.ipn.mx.EscomCarrerasApplicationTests" time="0.761">
    <system-out><![CDATA[00:54:07.022 [main] INFO org.springframework.test.context.support.AnnotationConfigContextLoaderUtils -- Could not detect default configuration classes for test class [com.ipn.mx.EscomCarrerasApplicationTests]: EscomCarrerasApplicationTests does not declare any static, non-private, non-final, nested classes annotated with @Configuration.
00:54:07.239 [main] INFO org.springframework.boot.test.context.SpringBootTestContextBootstrapper -- Found @SpringBootConfiguration com.ipn.mx.EscomCarrerasApplication for test class com.ipn.mx.EscomCarrerasApplicationTests
00:54:07.565 [main] INFO org.springframework.boot.devtools.restart.RestartApplicationListener -- Restart disabled due to context in which it is running

  .   ____          _            __ _ _
 /\\ / ___'_ __ _ _(_)_ __  __ _ \ \ \ \
( ( )\___ | '_ | '_| | '_ \/ _` | \ \ \ \
 \\/  ___)| |_)| | | | | || (_| |  ) ) ) )
  '  |____| .__|_| |_|_| |_\__, | / / / /
 =========|_|==============|___/=/_/_/_/

 :: Spring Boot ::                (v3.3.5)

2025-01-11T00:54:08.027-06:00  INFO 24460 --- [EscomCarreras] [           main] c.ipn.mx.EscomCarrerasApplicationTests   : Starting EscomCarrerasApplicationTests using Java 21.0.5 with PID 24460 (started by KokoPc in D:\Escuela\4to_Sem\Tec. Desarrollo de App WEB\ProyectoFinal\EscomCarreras)
2025-01-11T00:54:08.030-06:00  INFO 24460 --- [EscomCarreras] [           main] c.ipn.mx.EscomCarrerasApplicationTests   : No active profile set, falling back to 1 default profile: "default"
2025-01-11T00:54:09.292-06:00  INFO 24460 --- [EscomCarreras] [           main] .s.d.r.c.RepositoryConfigurationDelegate : Bootstrapping Spring Data JPA repositories in DEFAULT mode.
2025-01-11T00:54:09.418-06:00  INFO 24460 --- [EscomCarreras] [           main] .s.d.r.c.RepositoryConfigurationDelegate : Finished Spring Data repository scanning in 109 ms. Found 2 JPA repository interfaces.
2025-01-11T00:54:10.216-06:00  INFO 24460 --- [EscomCarreras] [           main] o.hibernate.jpa.internal.util.LogHelper  : HHH000204: Processing PersistenceUnitInfo [name: default]
2025-01-11T00:54:10.358-06:00  INFO 24460 --- [EscomCarreras] [           main] org.hibernate.Version                    : HHH000412: Hibernate ORM core version 6.5.3.Final
2025-01-11T00:54:10.444-06:00  INFO 24460 --- [EscomCarreras] [           main] o.h.c.internal.RegionFactoryInitiator    : HHH000026: Second-level cache disabled
2025-01-11T00:54:11.075-06:00  INFO 24460 --- [EscomCarreras] [           main] o.s.o.j.p.SpringPersistenceUnitInfo      : No LoadTimeWeaver setup: ignoring JPA class transformer
2025-01-11T00:54:11.137-06:00  INFO 24460 --- [EscomCarreras] [           main] com.zaxxer.hikari.HikariDataSource       : HikariPool-1 - Starting...
2025-01-11T00:54:12.332-06:00  INFO 24460 --- [EscomCarreras] [           main] com.zaxxer.hikari.pool.HikariPool        : HikariPool-1 - Added connection org.postgresql.jdbc.PgConnection@37ffe4f3
2025-01-11T00:54:12.334-06:00  INFO 24460 --- [EscomCarreras] [           main] com.zaxxer.hikari.HikariDataSource       : HikariPool-1 - Start completed.
2025-01-11T00:54:12.466-06:00  WARN 24460 --- [EscomCarreras] [           main] org.hibernate.dialect.Dialect            : HHH000511: The 11.2.0 version for [org.hibernate.dialect.PostgreSQLDialect] is no longer supported, hence certain features may not work properly. The minimum supported version is 12.0.0. Check the community dialects project for available legacy versions.
2025-01-11T00:54:12.477-06:00  WARN 24460 --- [EscomCarreras] [           main] org.hibernate.orm.deprecation            : HHH90000025: PostgreSQLDialect does not need to be specified explicitly using 'hibernate.dialect' (remove the property setting and it will be selected by default)
2025-01-11T00:54:14.010-06:00  INFO 24460 --- [EscomCarreras] [           main] o.h.e.t.j.p.i.JtaPlatformInitiator       : HHH000489: No JTA platform available (set 'hibernate.transaction.jta.platform' to enable JTA platform integration)
2025-01-11T00:54:15.069-06:00  INFO 24460 --- [EscomCarreras] [           main] j.LocalContainerEntityManagerFactoryBean : Initialized JPA EntityManagerFactory for persistence unit 'default'
2025-01-11T00:54:15.819-06:00  WARN 24460 --- [EscomCarreras] [           main] JpaBaseConfiguration$JpaWebConfiguration : spring.jpa.open-in-view is enabled by default. Therefore, database queries may be performed during view rendering. Explicitly configure spring.jpa.open-in-view to disable this warning
2025-01-11T00:54:16.479-06:00  INFO 24460 --- [EscomCarreras] [           main] c.ipn.mx.EscomCarrerasApplicationTests   : Started EscomCarrerasApplicationTests in 8.941 seconds (process running for 10.885)
2025-01-11T00:54:16.640-06:00 DEBUG 24460 --- [EscomCarreras] [           main] org.hibernate.SQL                        : select c1_0.IdCarrera,c1_0.descripcionCarrera,c1_0.duracionCarrera,c1_0.nombreCarrera from Carrera c1_0 where c1_0.IdCarrera=?
Hibernate: select c1_0.IdCarrera,c1_0.descripcionCarrera,c1_0.duracionCarrera,c1_0.nombreCarrera from Carrera c1_0 where c1_0.IdCarrera=?
]]></system-out>
    <system-err><![CDATA[WARNING: A Java agent has been loaded dynamically (C:\Users\KokoPc\.m2\repository\net\bytebuddy\byte-buddy-agent\1.14.19\byte-buddy-agent-1.14.19.jar)
WARNING: If a serviceability tool is in use, please run with -XX:+EnableDynamicAgentLoading to hide this warning
WARNING: If a serviceability tool is not in use, please run with -Djdk.instrument.traceUsage for more information
WARNING: Dynamic loading of agents will be disallowed by default in a future release
]]></system-err>
  </testcase>
</testsuite>